Arguments: 
  C:\Program Files\nodejs\node.exe C:\Users\Administrator\AppData\Roaming\npm\node_modules\yarn\bin\yarn.js add vue-function-api

PATH: 
  C:\ProgramData\DockerDesktop\version-bin;C:\Program Files\Docker\Docker\Resources\bin;C:\WINDOWS\system32;C:\WINDOWS;C:\WINDOWS\System32\Wbem;C:\WINDOWS\System32\WindowsPowerShell\v1.0\;C:\WINDOWS\System32\OpenSSH\;C:\Users\Administrator\AppData\Roaming\nvm;C:\Program Files\nodejs;C:\Program Files\Git\cmd;C:\Users\Administrator\AppData\Local\Microsoft\WindowsApps;E:\软件\Microsoft VS Code\bin;C:\Users\Administrator\AppData\Roaming\npm;C:\Users\Administrator\AppData\Roaming\nvm;C:\Program Files\nodejs;C:\Users\Administrator\AppData\Roaming\nvm;C:\Program Files\nodejs;C:\Program Files\MySQL\MySQL Server 5.7\bin;E:\dev_sofeware\redis;E:\dev_sofeware\MongoDB\Server\4.0\bin;;C:\redis;C:\Users\Administrator\AppData\Local\Microsoft\WindowsApps;E:\软件\Microsoft VS Code\bin;C:\Users\Administrator\AppData\Roaming\npm;C:\Users\Administrator\AppData\Roaming\nvm;C:\Program Files\nodejs

Yarn version: 
  1.13.0

Node version: 
  10.13.0

Platform: 
  win32 x64

Trace: 
  Error: EPERM: operation not permitted, unlink 'G:\project\learn_node\koa-todo\node_modules\.node-sass.DELETE\vendor\win32-x64-64\binding.node'

npm manifest: 
  {
    "devDependencies": {
      "node-sass": "^4.12.0",
      "sass-loader": "^7.2.0"
    }
  }

yarn manifest: 
  No manifest

Lockfile: 
  # THIS IS AN AUTOGENERATED FILE. DO NOT EDIT THIS FILE DIRECTLY.
  # yarn lockfile v1
  
  
  big.js@^5.2.2:
    version "5.2.2"
    resolved "https://registry.npm.taobao.org/big.js/download/big.js-5.2.2.tgz#65f0af382f578bcdc742bd9c281e9cb2d7768328"
    integrity sha1-ZfCvOC9Xi83HQr2cKB6cstd2gyg=
  
  clone-deep@^4.0.1:
    version "4.0.1"
    resolved "https://registry.npm.taobao.org/clone-deep/download/clone-deep-4.0.1.tgz#c19fd9bdbbf85942b4fd979c84dcf7d5f07c2387"
    integrity sha1-wZ/Zvbv4WUK0/ZechNz31fB8I4c=
    dependencies:
      is-plain-object "^2.0.4"
      kind-of "^6.0.2"
      shallow-clone "^3.0.0"
  
  emojis-list@^2.0.0:
    version "2.1.0"
    resolved "https://registry.npm.taobao.org/emojis-list/download/emojis-list-2.1.0.tgz#4daa4d9db00f9819880c79fa457ae5b09a1fd389"
    integrity sha1-TapNnbAPmBmIDHn6RXrlsJof04k=
  
  is-plain-object@^2.0.4:
    version "2.0.4"
    resolved "https://registry.npm.taobao.org/is-plain-object/download/is-plain-object-2.0.4.tgz#2c163b3fafb1b606d9d17928f05c2a1c38e07677"
    integrity sha1-LBY7P6+xtgbZ0Xko8FwqHDjgdnc=
    dependencies:
      isobject "^3.0.1"
  
  isobject@^3.0.1:
    version "3.0.1"
    resolved "https://registry.npm.taobao.org/isobject/download/isobject-3.0.1.tgz#4e431e92b11a9731636aa1f9c8d1ccbcfdab78df"
    integrity sha1-TkMekrEalzFjaqH5yNHMvP2reN8=
  
  json5@^1.0.1:
    version "1.0.1"
    resolved "https://registry.npm.taobao.org/json5/download/json5-1.0.1.tgz#779fb0018604fa854eacbf6252180d83543e3dbe"
    integrity sha1-d5+wAYYE+oVOrL9iUhgNg1Q+Pb4=
    dependencies:
      minimist "^1.2.0"
  
  kind-of@^6.0.2:
    version "6.0.2"
    resolved "https://registry.npm.taobao.org/kind-of/download/kind-of-6.0.2.tgz#01146b36a6218e64e58f3a8d66de5d7fc6f6d051"
    integrity sha1-ARRrNqYhjmTljzqNZt5df8b20FE=
  
  loader-utils@^1.0.1:
    version "1.2.3"
    resolved "https://registry.npm.taobao.org/loader-utils/download/loader-utils-1.2.3.tgz#1ff5dc6911c9f0a062531a4c04b609406108c2c7"
    integrity sha1-H/XcaRHJ8KBiUxpMBLYJQGEIwsc=
    dependencies:
      big.js "^5.2.2"
      emojis-list "^2.0.0"
      json5 "^1.0.1"
  
  minimist@^1.2.0:
    version "1.2.0"
    resolved "https://registry.npm.taobao.org/minimist/download/minimist-1.2.0.tgz#a35008b20f41383eec1fb914f4cd5df79a264284"
    integrity sha1-o1AIsg9BOD7sH7kU9M1d95omQoQ=
  
  neo-async@^2.5.0:
    version "2.6.1"
    resolved "https://registry.npm.taobao.org/neo-async/download/neo-async-2.6.1.tgz?cache=0&other_urls=https%3A%2F%2Fregistry.npm.taobao.org%2Fneo-async%2Fdownload%2Fneo-async-2.6.1.tgz#ac27ada66167fa8849a6addd837f6b189ad2081c"
    integrity sha1-rCetpmFn+ohJpq3dg39rGJrSCBw=
  
  pify@^4.0.1:
    version "4.0.1"
    resolved "https://registry.npm.taobao.org/pify/download/pify-4.0.1.tgz?cache=0&other_urls=https%3A%2F%2Fregistry.npm.taobao.org%2Fpify%2Fdownload%2Fpify-4.0.1.tgz#4b2cd25c50d598735c50292224fd8c6df41e3231"
    integrity sha1-SyzSXFDVmHNcUCkiJP2MbfQeMjE=
  
  sass-loader@^7.2.0:
    version "7.2.0"
    resolved "https://registry.npm.taobao.org/sass-loader/download/sass-loader-7.2.0.tgz#e34115239309d15b2527cb62b5dfefb62a96ff7f"
    integrity sha1-40EVI5MJ0VslJ8titd/vtiqW/38=
    dependencies:
      clone-deep "^4.0.1"
      loader-utils "^1.0.1"
      neo-async "^2.5.0"
      pify "^4.0.1"
      semver "^5.5.0"
  
  semver@^5.5.0:
    version "5.7.1"
    resolved "https://registry.npm.taobao.org/semver/download/semver-5.7.1.tgz?cache=0&sync_timestamp=1565627380363&other_urls=https%3A%2F%2Fregistry.npm.taobao.org%2Fsemver%2Fdownload%2Fsemver-5.7.1.tgz#a954f931aeba508d307bbf069eff0c01c96116f7"
    integrity sha1-qVT5Ma66UI0we78Gnv8MAclhFvc=
  
  shallow-clone@^3.0.0:
    version "3.0.1"
    resolved "https://registry.npm.taobao.org/shallow-clone/download/shallow-clone-3.0.1.tgz#8f2981ad92531f55035b01fb230769a40e02efa3"
    integrity sha1-jymBrZJTH1UDWwH7IwdppA4C76M=
    dependencies:
      kind-of "^6.0.2"
